<?xml version="1.0" encoding="UTF-8"?>
<testsuite name="com.example.springboot.web.IndexControllerTest" tests="1" skipped="0" failures="0" errors="0" timestamp="2023-02-05T04:49:06" hostname="HBs-MacBook-Air.local" time="0.26">
  <properties/>
  <testcase name="메인페이지_로딩" classname="com.example.springboot.web.IndexControllerTest" time="0.26"/>
  <system-out><![CDATA[13:49:03.375 [Test worker] DEBUG org.springframework.test.context.junit4.SpringJUnit4ClassRunner - SpringJUnit4ClassRunner constructor called with [class com.example.springboot.web.IndexControllerTest]
13:49:03.378 [Test worker] DEBUG org.springframework.test.context.BootstrapUtils - Instantiating CacheAwareContextLoaderDelegate from class [org.springframework.test.context.cache.DefaultCacheAwareContextLoaderDelegate]
13:49:03.383 [Test worker] DEBUG org.springframework.test.context.BootstrapUtils - Instantiating BootstrapContext using constructor [public org.springframework.test.context.support.DefaultBootstrapContext(java.lang.Class,org.springframework.test.context.CacheAwareContextLoaderDelegate)]
13:49:03.395 [Test worker] DEBUG org.springframework.test.context.BootstrapUtils - Instantiating TestContextBootstrapper for test class [com.example.springboot.web.IndexControllerTest] from class [org.springframework.boot.test.context.SpringBootTestContextBootstrapper]
13:49:03.400 [Test worker] INFO org.springframework.boot.test.context.SpringBootTestContextBootstrapper - Neither @ContextConfiguration nor @ContextHierarchy found for test class [com.example.springboot.web.IndexControllerTest], using SpringBootContextLoader
13:49:03.402 [Test worker] DEBUG org.springframework.test.context.support.AbstractContextLoader - Did not detect default resource location for test class [com.example.springboot.web.IndexControllerTest]: class path resource [com/example/springboot/web/IndexControllerTest-context.xml] does not exist
13:49:03.402 [Test worker] DEBUG org.springframework.test.context.support.AbstractContextLoader - Did not detect default resource location for test class [com.example.springboot.web.IndexControllerTest]: class path resource [com/example/springboot/web/IndexControllerTestContext.groovy] does not exist
13:49:03.402 [Test worker] INFO org.springframework.test.context.support.AbstractContextLoader - Could not detect default resource locations for test class [com.example.springboot.web.IndexControllerTest]: no resource found for suffixes {-context.xml, Context.groovy}.
13:49:03.402 [Test worker] INFO org.springframework.test.context.support.AnnotationConfigContextLoaderUtils - Could not detect default configuration classes for test class [com.example.springboot.web.IndexControllerTest]: IndexControllerTest does not declare any static, non-private, non-final, nested classes annotated with @Configuration.
13:49:03.420 [Test worker] DEBUG org.springframework.test.context.support.ActiveProfilesUtils - Could not find an 'annotation declaring class' for annotation type [org.springframework.test.context.ActiveProfiles] and class [com.example.springboot.web.IndexControllerTest]
13:49:03.468 [Test worker] DEBUG org.springframework.context.annotation.ClassPathScanningCandidateComponentProvider - Identified candidate component class: file [/Users/hyunbin/IdeaProjects/springboot/build/classes/java/main/com/example/springboot/Application.class]
13:49:03.469 [Test worker] INFO org.springframework.boot.test.context.SpringBootTestContextBootstrapper - Found @SpringBootConfiguration com.example.springboot.Application for test class com.example.springboot.web.IndexControllerTest
13:49:03.506 [Test worker] DEBUG org.springframework.boot.test.context.SpringBootTestContextBootstrapper - @TestExecutionListeners is not present for class [com.example.springboot.web.IndexControllerTest]: using defaults.
13:49:03.506 [Test worker] INFO org.springframework.boot.test.context.SpringBootTestContextBootstrapper - Loaded default TestExecutionListener class names from location [META-INF/spring.factories]: [org.springframework.security.test.context.support.WithSecurityContextTestExecutionListener, org.springframework.security.test.context.support.ReactorContextTestExecutionListener, org.springframework.boot.test.autoconfigure.restdocs.RestDocsTestExecutionListener, org.springframework.boot.test.autoconfigure.web.client.MockRestServiceServerResetTestExecutionListener, org.springframework.boot.test.autoconfigure.web.servlet.MockMvcPrintOnlyOnFailureTestExecutionListener, org.springframework.boot.test.autoconfigure.web.servlet.WebDriverTestExecutionListener, org.springframework.boot.test.mock.mockito.MockitoTestExecutionListener, org.springframework.boot.test.mock.mockito.ResetMocksTestExecutionListener, org.springframework.test.context.web.ServletTestExecutionListener, org.springframework.test.context.support.DirtiesContextBeforeModesTestExecutionListener, org.springframework.test.context.support.DependencyInjectionTestExecutionListener, org.springframework.test.context.support.DirtiesContextTestExecutionListener, org.springframework.test.context.transaction.TransactionalTestExecutionListener, org.springframework.test.context.jdbc.SqlScriptsTestExecutionListener]
13:49:03.514 [Test worker] INFO org.springframework.boot.test.context.SpringBootTestContextBootstrapper - Using TestExecutionListeners: [org.springframework.test.context.web.ServletTestExecutionListener@4b84dcc1, org.springframework.test.context.support.DirtiesContextBeforeModesTestExecutionListener@779dc493, org.springframework.boot.test.mock.mockito.MockitoTestExecutionListener@6f055a2d, org.springframework.boot.test.autoconfigure.SpringBootDependencyInjectionTestExecutionListener@301fa558, org.springframework.test.context.support.DirtiesContextTestExecutionListener@5d90154e, org.springframework.test.context.transaction.TransactionalTestExecutionListener@44b0eb33, org.springframework.test.context.jdbc.SqlScriptsTestExecutionListener@1a105ba, org.springframework.security.test.context.support.WithSecurityContextTestExecutionListener@4c5945b3, org.springframework.security.test.context.support.ReactorContextTestExecutionListener@113e1313, org.springframework.boot.test.autoconfigure.restdocs.RestDocsTestExecutionListener@52148b74, org.springframework.boot.test.autoconfigure.web.client.MockRestServiceServerResetTestExecutionListener@5b11c859, org.springframework.boot.test.autoconfigure.web.servlet.MockMvcPrintOnlyOnFailureTestExecutionListener@5de36a55, org.springframework.boot.test.autoconfigure.web.servlet.WebDriverTestExecutionListener@3ca45c71, org.springframework.boot.test.mock.mockito.ResetMocksTestExecutionListener@4a9d3fba]
13:49:03.516 [Test worker] DEBUG org.springframework.test.annotation.ProfileValueUtils - Retrieved @ProfileValueSourceConfiguration [null] for test class [com.example.springboot.web.IndexControllerTest]
13:49:03.516 [Test worker] DEBUG org.springframework.test.annotation.ProfileValueUtils - Retrieved ProfileValueSource type [class org.springframework.test.annotation.SystemProfileValueSource] for class [com.example.springboot.web.IndexControllerTest]
13:49:03.516 [Test worker] DEBUG org.springframework.test.annotation.ProfileValueUtils - Retrieved @ProfileValueSourceConfiguration [null] for test class [com.example.springboot.web.IndexControllerTest]
13:49:03.516 [Test worker] DEBUG org.springframework.test.annotation.ProfileValueUtils - Retrieved ProfileValueSource type [class org.springframework.test.annotation.SystemProfileValueSource] for class [com.example.springboot.web.IndexControllerTest]
13:49:03.521 [Test worker] DEBUG org.springframework.test.context.support.AbstractDirtiesContextTestExecutionListener - Before test class: context [DefaultTestContext@359c6dc6 testClass = IndexControllerTest, testInstance = [null], testMethod = [null], testException = [null], mergedContextConfiguration = [WebMergedContextConfiguration@4693abc9 testClass = IndexControllerTest, locations = '{}', classes = '{class com.example.springboot.Application}', contextInitializerClasses = '[]', activeProfiles = '{}', propertySourceLocations = '{}', propertySourceProperties = '{org.springframework.boot.test.context.SpringBootTestContextBootstrapper=true, server.port=0}', contextCustomizers = set[org.springframework.boot.test.autoconfigure.properties.PropertyMappingContextCustomizer@0, org.springframework.boot.test.autoconfigure.web.servlet.WebDriverContextCustomizerFactory$Customizer@3fb288e4, org.springframework.boot.test.context.filter.ExcludeFilterContextCustomizer@3ce1f7b4, org.springframework.boot.test.json.DuplicateJsonObjectContextCustomizerFactory$DuplicateJsonObjectContextCustomizer@72309f90, org.springframework.boot.test.mock.mockito.MockitoContextCustomizer@0, org.springframework.boot.test.web.client.TestRestTemplateContextCustomizer@7d4904d5], resourceBasePath = 'src/main/webapp', contextLoader = 'org.springframework.boot.test.context.SpringBootContextLoader', parent = [null]], attributes = map['org.springframework.test.context.web.ServletTestExecutionListener.activateListener' -> false]], class annotated with @DirtiesContext [false] with mode [null].
13:49:03.521 [Test worker] DEBUG org.springframework.test.annotation.ProfileValueUtils - Retrieved @ProfileValueSourceConfiguration [null] for test class [com.example.springboot.web.IndexControllerTest]
13:49:03.521 [Test worker] DEBUG org.springframework.test.annotation.ProfileValueUtils - Retrieved ProfileValueSource type [class org.springframework.test.annotation.SystemProfileValueSource] for class [com.example.springboot.web.IndexControllerTest]
13:49:03.523 [Test worker] DEBUG org.springframework.test.context.support.DependencyInjectionTestExecutionListener - Performing dependency injection for test context [[DefaultTestContext@359c6dc6 testClass = IndexControllerTest, testInstance = com.example.springboot.web.IndexControllerTest@3a7dba38, testMethod = [null], testException = [null], mergedContextConfiguration = [WebMergedContextConfiguration@4693abc9 testClass = IndexControllerTest, locations = '{}', classes = '{class com.example.springboot.Application}', contextInitializerClasses = '[]', activeProfiles = '{}', propertySourceLocations = '{}', propertySourceProperties = '{org.springframework.boot.test.context.SpringBootTestContextBootstrapper=true, server.port=0}', contextCustomizers = set[org.springframework.boot.test.autoconfigure.properties.PropertyMappingContextCustomizer@0, org.springframework.boot.test.autoconfigure.web.servlet.WebDriverContextCustomizerFactory$Customizer@3fb288e4, org.springframework.boot.test.context.filter.ExcludeFilterContextCustomizer@3ce1f7b4, org.springframework.boot.test.json.DuplicateJsonObjectContextCustomizerFactory$DuplicateJsonObjectContextCustomizer@72309f90, org.springframework.boot.test.mock.mockito.MockitoContextCustomizer@0, org.springframework.boot.test.web.client.TestRestTemplateContextCustomizer@7d4904d5], resourceBasePath = 'src/main/webapp', contextLoader = 'org.springframework.boot.test.context.SpringBootContextLoader', parent = [null]], attributes = map['org.springframework.test.context.web.ServletTestExecutionListener.activateListener' -> false]]].
13:49:03.531 [Test worker] DEBUG org.springframework.test.context.support.TestPropertySourceUtils - Adding inlined properties to environment: {spring.jmx.enabled=false, org.springframework.boot.test.context.SpringBootTestContextBootstrapper=true, server.port=0}

  .   ____          _            __ _ _
 /\\ / ___'_ __ _ _(_)_ __  __ _ \ \ \ \
( ( )\___ | '_ | '_| | '_ \/ _` | \ \ \ \
 \\/  ___)| |_)| | | | | || (_| |  ) ) ) )
  '  |____| .__|_| |_|_| |_\__, | / / / /
 =========|_|==============|___/=/_/_/_/
 :: Spring Boot ::        (v2.1.7.RELEASE)

2023-02-05 13:49:03.672  INFO 20024 --- [    Test worker] c.e.springboot.web.IndexControllerTest   : Starting IndexControllerTest on HBs-MacBook-Air.local with PID 20024 (started by hyunbin in /Users/hyunbin/IdeaProjects/springboot)
2023-02-05 13:49:03.673  INFO 20024 --- [    Test worker] c.e.springboot.web.IndexControllerTest   : No active profile set, falling back to default profiles: default
2023-02-05 13:49:04.117  INFO 20024 --- [    Test worker] .s.d.r.c.RepositoryConfigurationDelegate : Bootstrapping Spring Data repositories in DEFAULT mode.
2023-02-05 13:49:04.153  INFO 20024 --- [    Test worker] .s.d.r.c.RepositoryConfigurationDelegate : Finished Spring Data repository scanning in 32ms. Found 2 repository interfaces.
2023-02-05 13:49:04.427  INFO 20024 --- [    Test worker] trationDelegate$BeanPostProcessorChecker : Bean 'org.springframework.transaction.annotation.ProxyTransactionManagementConfiguration' of type [org.springframework.transaction.annotation.ProxyTransactionManagementConfiguration$$EnhancerBySpringCGLIB$$198d4c1d] is not eligible for getting processed by all BeanPostProcessors (for example: not eligible for auto-proxying)
2023-02-05 13:49:04.643  INFO 20024 --- [    Test worker] o.s.b.w.embedded.tomcat.TomcatWebServer  : Tomcat initialized with port(s): 0 (http)
2023-02-05 13:49:04.659  INFO 20024 --- [    Test worker] o.apache.catalina.core.StandardService   : Starting service [Tomcat]
2023-02-05 13:49:04.659  INFO 20024 --- [    Test worker] org.apache.catalina.core.StandardEngine  : Starting Servlet engine: [Apache Tomcat/9.0.22]
2023-02-05 13:49:04.714  INFO 20024 --- [    Test worker] o.a.c.c.C.[Tomcat].[localhost].[/]       : Initializing Spring embedded WebApplicationContext
2023-02-05 13:49:04.715  INFO 20024 --- [    Test worker] o.s.web.context.ContextLoader            : Root WebApplicationContext: initialization completed in 1028 ms
2023-02-05 13:49:04.857  INFO 20024 --- [    Test worker] com.zaxxer.hikari.HikariDataSource       : HikariPool-1 - Starting...
2023-02-05 13:49:04.953  INFO 20024 --- [    Test worker] com.zaxxer.hikari.HikariDataSource       : HikariPool-1 - Start completed.
2023-02-05 13:49:05.010  INFO 20024 --- [    Test worker] o.hibernate.jpa.internal.util.LogHelper  : HHH000204: Processing PersistenceUnitInfo [
	name: default
	...]
2023-02-05 13:49:05.056  INFO 20024 --- [    Test worker] org.hibernate.Version                    : HHH000412: Hibernate Core {5.3.10.Final}
2023-02-05 13:49:05.057  INFO 20024 --- [    Test worker] org.hibernate.cfg.Environment            : HHH000206: hibernate.properties not found
2023-02-05 13:49:05.154  INFO 20024 --- [    Test worker] o.hibernate.annotations.common.Version   : HCANN000001: Hibernate Commons Annotations {5.0.4.Final}
2023-02-05 13:49:05.254  INFO 20024 --- [    Test worker] org.hibernate.dialect.Dialect            : HHH000400: Using dialect: org.hibernate.dialect.MySQL5InnoDBDialect
Hibernate: drop table if exists posts
Hibernate: drop table if exists user
Hibernate: create table posts (id bigint not null auto_increment, created_date datetime, modified_date datetime, author varchar(255), content TEXT not null, title varchar(500) not null, primary key (id)) engine=InnoDB
Hibernate: create table user (id bigint not null auto_increment, created_date datetime, modified_date datetime, email varchar(255) not null, name varchar(255) not null, picture varchar(255), role varchar(255) not null, primary key (id)) engine=InnoDB
2023-02-05 13:49:05.592  INFO 20024 --- [    Test worker] o.h.t.schema.internal.SchemaCreatorImpl  : HHH000476: Executing import script 'org.hibernate.tool.schema.internal.exec.ScriptSourceInputNonExistentImpl@354d33f2'
2023-02-05 13:49:05.594  INFO 20024 --- [    Test worker] j.LocalContainerEntityManagerFactoryBean : Initialized JPA EntityManagerFactory for persistence unit 'default'
2023-02-05 13:49:06.105  INFO 20024 --- [    Test worker] o.h.h.i.QueryTranslatorFactoryInitiator  : HHH000397: Using ASTQueryTranslatorFactory
2023-02-05 13:49:06.345  INFO 20024 --- [    Test worker] o.s.s.web.DefaultSecurityFilterChain     : Creating filter chain: any request, [org.springframework.security.web.context.request.async.WebAsyncManagerIntegrationFilter@323a2ee, org.springframework.security.web.context.SecurityContextPersistenceFilter@df16601, org.springframework.security.web.header.HeaderWriterFilter@70a62047, org.springframework.security.web.authentication.logout.LogoutFilter@471dd9fb, org.springframework.security.oauth2.client.web.OAuth2AuthorizationRequestRedirectFilter@4ae39605, org.springframework.security.oauth2.client.web.OAuth2LoginAuthenticationFilter@1e04681c, org.springframework.security.web.authentication.ui.DefaultLoginPageGeneratingFilter@46e70822, org.springframework.security.web.authentication.ui.DefaultLogoutPageGeneratingFilter@6a25ad3a, org.springframework.security.web.savedrequest.RequestCacheAwareFilter@58fe300d, org.springframework.security.web.servletapi.SecurityContextHolderAwareRequestFilter@797f7dd9, org.springframework.security.web.authentication.AnonymousAuthenticationFilter@6ccf7a7b, org.springframework.security.web.session.SessionManagementFilter@654dc425, org.springframework.security.web.access.ExceptionTranslationFilter@4f73f35d, org.springframework.security.web.access.intercept.FilterSecurityInterceptor@627f386a]
2023-02-05 13:49:06.526  INFO 20024 --- [    Test worker] o.s.s.concurrent.ThreadPoolTaskExecutor  : Initializing ExecutorService 'applicationTaskExecutor'
2023-02-05 13:49:06.557  WARN 20024 --- [    Test worker] aWebConfiguration$JpaWebMvcConfiguration : spring.jpa.open-in-view is enabled by default. Therefore, database queries may be performed during view rendering. Explicitly configure spring.jpa.open-in-view to disable this warning
2023-02-05 13:49:06.587  INFO 20024 --- [    Test worker] o.s.b.a.w.s.WelcomePageHandlerMapping    : Adding welcome page template: index
2023-02-05 13:49:06.782  INFO 20024 --- [    Test worker] s.a.ScheduledAnnotationBeanPostProcessor : No TaskScheduler/ScheduledExecutorService bean found for scheduled processing
2023-02-05 13:49:06.794  INFO 20024 --- [    Test worker] o.s.b.w.embedded.tomcat.TomcatWebServer  : Tomcat started on port(s): 59295 (http) with context path ''
2023-02-05 13:49:06.796  INFO 20024 --- [    Test worker] c.e.springboot.web.IndexControllerTest   : Started IndexControllerTest in 3.263 seconds (JVM running for 3.74)
2023-02-05 13:49:06.929  INFO 20024 --- [o-auto-1-exec-1] o.a.c.c.C.[Tomcat].[localhost].[/]       : Initializing Spring DispatcherServlet 'dispatcherServlet'
2023-02-05 13:49:06.929  INFO 20024 --- [o-auto-1-exec-1] o.s.web.servlet.DispatcherServlet        : Initializing Servlet 'dispatcherServlet'
2023-02-05 13:49:06.948  INFO 20024 --- [o-auto-1-exec-1] o.s.web.servlet.DispatcherServlet        : Completed initialization in 19 ms
Hibernate: select posts0_.id as id1_0_, posts0_.created_date as created_2_0_, posts0_.modified_date as modified3_0_, posts0_.author as author4_0_, posts0_.content as content5_0_, posts0_.title as title6_0_ from posts posts0_ order by posts0_.id DESC
]]></system-out>
  <system-err><![CDATA[]]></system-err>
</testsuite>
